Jun 20, 2024 10:26:08 AM EmployeeManager addEmployee
INFO: Added employee: Employee{name='Alice', id=1, department='HR'}
Jun 20, 2024 10:26:08 AM EmployeeManager addEmployee
INFO: Added employee: Employee{name='Bob', id=2, department='Engineering'}
Jun 20, 2024 10:26:08 AM EmployeeManager addEmployee
INFO: Added employee: Employee{name='Charlie', id=3, department='Marketing'}
Jun 20, 2024 10:26:08 AM EmployeeManager viewEmployees
INFO: Viewing all employees
Jun 20, 2024 10:26:08 AM EmployeeManager removeEmployee
INFO: Removed employee with ID: 2
Jun 20, 2024 10:26:08 AM EmployeeManager viewEmployees
INFO: Viewing all employees
Jun 20, 2024 10:26:37 AM EmployeeManager addEmployee
INFO: Added employee: Employee{name='Alice', id=1, department='HR'}
Jun 20, 2024 10:26:37 AM EmployeeManager addEmployee
INFO: Added employee: Employee{name='Bob', id=2, department='Engineering'}
Jun 20, 2024 10:26:37 AM EmployeeManager addEmployee
INFO: Added employee: Employee{name='Charlie', id=3, department='Marketing'}
Jun 20, 2024 10:26:37 AM EmployeeManager viewEmployees
INFO: Viewing all employees
Jun 20, 2024 10:26:37 AM EmployeeManager removeEmployee
INFO: Removed employee with ID: 2
Jun 20, 2024 10:26:37 AM EmployeeManager viewEmployees
INFO: Viewing all employees
